{"C:\\Users\\Neu\\Desktop\\Supertest-jest\\app.js": {"path":"C:\\Users\\Neu\\Desktop\\Supertest-jest\\app.js","statementMap":{"0":{"start":{"line":1,"column":16},"end":{"line":1,"column":34}},"1":{"start":{"line":2,"column":15},"end":{"line":2,"column":32}},"2":{"start":{"line":3,"column":19},"end":{"line":3,"column":50}},"3":{"start":{"line":4,"column":19},"end":{"line":4,"column":49}},"4":{"start":{"line":6,"column":0},"end":{"line":6,"column":16}},"5":{"start":{"line":8,"column":12},"end":{"line":8,"column":21}},"6":{"start":{"line":10,"column":0},"end":{"line":10,"column":24}},"7":{"start":{"line":11,"column":0},"end":{"line":11,"column":34}},"8":{"start":{"line":12,"column":0},"end":{"line":12,"column":34}},"9":{"start":{"line":14,"column":0},"end":{"line":16,"column":3}},"10":{"start":{"line":15,"column":2},"end":{"line":15,"column":20}},"11":{"start":{"line":18,"column":0},"end":{"line":18,"column":21}}},"fnMap":{"0":{"name":"(anonymous_0)","decl":{"start":{"line":14,"column":13},"end":{"line":14,"column":14}},"loc":{"start":{"line":14,"column":27},"end":{"line":16,"column":1}},"line":14}},"branchMap":{},"s":{"0":2,"1":2,"2":2,"3":2,"4":2,"5":2,"6":2,"7":2,"8":2,"9":2,"10":0,"11":2},"f":{"0":0},"b":{},"_coverageSchema":"1a1c01bbd47fc00a2c39e90264f33305004495a9","hash":"61a34ef7b8fa0e5154e2fa4b0c315fb5e04dd8dd"}
,"C:\\Users\\Neu\\Desktop\\Supertest-jest\\Controller\\authController.js": {"path":"C:\\Users\\Neu\\Desktop\\Supertest-jest\\Controller\\authController.js","statementMap":{"0":{"start":{"line":1,"column":12},"end":{"line":1,"column":35}},"1":{"start":{"line":3,"column":0},"end":{"line":13,"column":2}},"2":{"start":{"line":4,"column":30},"end":{"line":4,"column":38}},"3":{"start":{"line":7,"column":2},"end":{"line":10,"column":3}},"4":{"start":{"line":8,"column":18},"end":{"line":8,"column":74}},"5":{"start":{"line":9,"column":4},"end":{"line":9,"column":31}},"6":{"start":{"line":12,"column":2},"end":{"line":12,"column":57}},"7":{"start":{"line":15,"column":0},"end":{"line":27,"column":1}},"8":{"start":{"line":16,"column":25},"end":{"line":16,"column":50}},"9":{"start":{"line":18,"column":2},"end":{"line":18,"column":74}},"10":{"start":{"line":18,"column":19},"end":{"line":18,"column":74}},"11":{"start":{"line":20,"column":16},"end":{"line":20,"column":40}},"12":{"start":{"line":21,"column":2},"end":{"line":26,"column":3}},"13":{"start":{"line":22,"column":20},"end":{"line":22,"column":53}},"14":{"start":{"line":23,"column":4},"end":{"line":23,"column":78}},"15":{"start":{"line":25,"column":4},"end":{"line":25,"column":53}}},"fnMap":{"0":{"name":"(anonymous_0)","decl":{"start":{"line":3,"column":23},"end":{"line":3,"column":24}},"loc":{"start":{"line":3,"column":37},"end":{"line":13,"column":1}},"line":3},"1":{"name":"(anonymous_1)","decl":{"start":{"line":15,"column":26},"end":{"line":15,"column":27}},"loc":{"start":{"line":15,"column":42},"end":{"line":27,"column":1}},"line":15}},"branchMap":{"0":{"loc":{"start":{"line":7,"column":2},"end":{"line":10,"column":3}},"type":"if","locations":[{"start":{"line":7,"column":2},"end":{"line":10,"column":3}},{"start":{},"end":{}}],"line":7},"1":{"loc":{"start":{"line":7,"column":6},"end":{"line":7,"column":57}},"type":"binary-expr","locations":[{"start":{"line":7,"column":6},"end":{"line":7,"column":32}},{"start":{"line":7,"column":36},"end":{"line":7,"column":57}}],"line":7},"2":{"loc":{"start":{"line":18,"column":2},"end":{"line":18,"column":74}},"type":"if","locations":[{"start":{"line":18,"column":2},"end":{"line":18,"column":74}},{"start":{},"end":{}}],"line":18}},"s":{"0":2,"1":2,"2":1,"3":1,"4":1,"5":1,"6":0,"7":2,"8":2,"9":2,"10":1,"11":1,"12":1,"13":1,"14":1,"15":0},"f":{"0":1,"1":2},"b":{"0":[1,0],"1":[1,1],"2":[1,1]},"_coverageSchema":"1a1c01bbd47fc00a2c39e90264f33305004495a9","hash":"909fc2a56ad5c96deeca5c51f515847c61ea301b"}
,"C:\\Users\\Neu\\Desktop\\Supertest-jest\\Controller\\usersController.js": {"path":"C:\\Users\\Neu\\Desktop\\Supertest-jest\\Controller\\usersController.js","statementMap":{"0":{"start":{"line":1,"column":14},"end":{"line":1,"column":44}},"1":{"start":{"line":2,"column":17},"end":{"line":2,"column":36}},"2":{"start":{"line":4,"column":0},"end":{"line":12,"column":1}},"3":{"start":{"line":6,"column":4},"end":{"line":11,"column":5}},"4":{"start":{"line":7,"column":25},"end":{"line":7,"column":43}},"5":{"start":{"line":8,"column":8},"end":{"line":8,"column":39}},"6":{"start":{"line":10,"column":8},"end":{"line":10,"column":52}},"7":{"start":{"line":14,"column":0},"end":{"line":23,"column":1}},"8":{"start":{"line":15,"column":32},"end":{"line":15,"column":40}},"9":{"start":{"line":17,"column":4},"end":{"line":22,"column":5}},"10":{"start":{"line":18,"column":20},"end":{"line":18,"column":59}},"11":{"start":{"line":19,"column":4},"end":{"line":19,"column":34}},"12":{"start":{"line":21,"column":8},"end":{"line":21,"column":52}},"13":{"start":{"line":25,"column":0},"end":{"line":34,"column":1}},"14":{"start":{"line":26,"column":15},"end":{"line":26,"column":28}},"15":{"start":{"line":28,"column":4},"end":{"line":33,"column":5}},"16":{"start":{"line":29,"column":24},"end":{"line":29,"column":57}},"17":{"start":{"line":30,"column":4},"end":{"line":30,"column":38}},"18":{"start":{"line":32,"column":8},"end":{"line":32,"column":52}},"19":{"start":{"line":36,"column":0},"end":{"line":47,"column":1}},"20":{"start":{"line":37,"column":15},"end":{"line":37,"column":28}},"21":{"start":{"line":39,"column":4},"end":{"line":46,"column":5}},"22":{"start":{"line":40,"column":9},"end":{"line":40,"column":53}},"23":{"start":{"line":41,"column":29},"end":{"line":41,"column":53}},"24":{"start":{"line":42,"column":8},"end":{"line":42,"column":44}},"25":{"start":{"line":45,"column":12},"end":{"line":45,"column":56}}},"fnMap":{"0":{"name":"(anonymous_0)","decl":{"start":{"line":4,"column":29},"end":{"line":4,"column":30}},"loc":{"start":{"line":4,"column":45},"end":{"line":12,"column":1}},"line":4},"1":{"name":"(anonymous_1)","decl":{"start":{"line":14,"column":29},"end":{"line":14,"column":30}},"loc":{"start":{"line":14,"column":45},"end":{"line":23,"column":1}},"line":14},"2":{"name":"(anonymous_2)","decl":{"start":{"line":25,"column":28},"end":{"line":25,"column":29}},"loc":{"start":{"line":25,"column":44},"end":{"line":34,"column":1}},"line":25},"3":{"name":"(anonymous_3)","decl":{"start":{"line":36,"column":28},"end":{"line":36,"column":29}},"loc":{"start":{"line":36,"column":44},"end":{"line":47,"column":1}},"line":36}},"branchMap":{},"s":{"0":2,"1":2,"2":2,"3":1,"4":1,"5":1,"6":0,"7":2,"8":2,"9":2,"10":2,"11":1,"12":1,"13":2,"14":1,"15":1,"16":1,"17":1,"18":0,"19":2,"20":1,"21":1,"22":1,"23":1,"24":1,"25":0},"f":{"0":1,"1":2,"2":1,"3":1},"b":{},"_coverageSchema":"1a1c01bbd47fc00a2c39e90264f33305004495a9","hash":"f8628677318fa7d177027fcaa7df533b37d7d547"}
,"C:\\Users\\Neu\\Desktop\\Supertest-jest\\Model\\usersModel.js": {"path":"C:\\Users\\Neu\\Desktop\\Supertest-jest\\Model\\usersModel.js","statementMap":{"0":{"start":{"line":1,"column":17},"end":{"line":1,"column":36}},"1":{"start":{"line":3,"column":20},"end":{"line":21,"column":20}},"2":{"start":{"line":23,"column":14},"end":{"line":23,"column":51}},"3":{"start":{"line":25,"column":0},"end":{"line":25,"column":23}}},"fnMap":{},"branchMap":{},"s":{"0":2,"1":2,"2":2,"3":2},"f":{},"b":{},"_coverageSchema":"1a1c01bbd47fc00a2c39e90264f33305004495a9","hash":"cf5d2b8b230ab8adf8410e3fd65f93830363bab6"}
,"C:\\Users\\Neu\\Desktop\\Supertest-jest\\Routes\\authRoutes.js": {"path":"C:\\Users\\Neu\\Desktop\\Supertest-jest\\Routes\\authRoutes.js","statementMap":{"0":{"start":{"line":1,"column":15},"end":{"line":1,"column":42}},"1":{"start":{"line":2,"column":23},"end":{"line":2,"column":62}},"2":{"start":{"line":4,"column":0},"end":{"line":4,"column":44}},"3":{"start":{"line":5,"column":0},"end":{"line":5,"column":46}},"4":{"start":{"line":7,"column":0},"end":{"line":7,"column":24}}},"fnMap":{},"branchMap":{},"s":{"0":2,"1":2,"2":2,"3":2,"4":2},"f":{},"b":{},"_coverageSchema":"1a1c01bbd47fc00a2c39e90264f33305004495a9","hash":"05a24dd5e6d78989ee92e319bb50900b7d251408"}
,"C:\\Users\\Neu\\Desktop\\Supertest-jest\\Routes\\usersRouter.js": {"path":"C:\\Users\\Neu\\Desktop\\Supertest-jest\\Routes\\usersRouter.js","statementMap":{"0":{"start":{"line":1,"column":17},"end":{"line":1,"column":35}},"1":{"start":{"line":2,"column":23},"end":{"line":2,"column":63}},"2":{"start":{"line":4,"column":15},"end":{"line":4,"column":23}},"3":{"start":{"line":6,"column":0},"end":{"line":6,"column":51}},"4":{"start":{"line":7,"column":0},"end":{"line":7,"column":57}},"5":{"start":{"line":8,"column":0},"end":{"line":8,"column":59}},"6":{"start":{"line":9,"column":0},"end":{"line":9,"column":56}},"7":{"start":{"line":11,"column":0},"end":{"line":11,"column":24}}},"fnMap":{},"branchMap":{},"s":{"0":2,"1":2,"2":2,"3":2,"4":2,"5":2,"6":2,"7":2},"f":{},"b":{},"_coverageSchema":"1a1c01bbd47fc00a2c39e90264f33305004495a9","hash":"64f671110693462c94ad8f02b0e6b586bda62225"}
}
